<?xml version="1.0" encoding="UTF-8"?>
<!-- Generated by org.testng.reporters.JUnitXMLReporter -->
<testsuite ignored="0" hostname="Roopas-MacBook-Air.local" failures="0" tests="0" name="Test" time="16.141" errors="0" timestamp="2025-04-16T13:29:19 IST">
  <testcase classname="swagLabs.GenericUtility.BaseClass" name="@BeforeMethod bmConfig" time="4.8">
    <failure type="java.lang.NullPointerException" message="Cannot invoke &amp;quot;org.openqa.selenium.WebDriver.switchTo()&amp;quot; because &amp;quot;driver&amp;quot; is null">
      <![CDATA[java.lang.NullPointerException: Cannot invoke "org.openqa.selenium.WebDriver.switchTo()" because "driver" is null
at swagLabs.GenericUtility.SeleniumUtility.switchToDefaultFrame(SeleniumUtility.java:191)
at swagLabs.ObjectReposiitory.LoginPage.loginToApp(LoginPage.java:62)
at swagLabs.GenericUtility.BaseClass.bmConfig(BaseClass.java:76)
at java.base/java.util.ArrayList.forEach(ArrayList.java:1511)
... Removed 31 stack frames]]>
    </failure>
  </testcase> <!-- @BeforeMethod bmConfig -->
</testsuite> <!-- Test -->
