<?xml version="1.0" encoding="UTF-8"?>
<testng-results ignored="0" total="2" passed="2" failed="0" skipped="0">
  <reporter-output>
  </reporter-output>
  <suite started-at="2025-02-06T12:37:28 IST" name="Default suite" finished-at="2025-02-06T12:37:28 IST" duration-ms="830">
    <groups>
    </groups>
    <test started-at="2025-02-06T12:37:28 IST" name="Default test" finished-at="2025-02-06T12:37:28 IST" duration-ms="830">
      <class name="swagLabs.InventoryTests.SampleJDBC">
        <test-method signature="selectExecuteQuery()[pri:0, instance:swagLabs.InventoryTests.SampleJDBC@636be97c]" started-at="2025-02-06T12:37:28 IST" name="selectExecuteQuery" finished-at="2025-02-06T12:37:28 IST" duration-ms="697" status="PASS">
          <reporter-output>
          </reporter-output>
        </test-method> <!-- selectExecuteQuery -->
        <test-method signature="selectExecuteUpdate()[pri:0, instance:swagLabs.InventoryTests.SampleJDBC@636be97c]" started-at="2025-02-06T12:37:28 IST" name="selectExecuteUpdate" finished-at="2025-02-06T12:37:28 IST" duration-ms="90" status="PASS">
          <reporter-output>
          </reporter-output>
        </test-method> <!-- selectExecuteUpdate -->
      </class> <!-- swagLabs.InventoryTests.SampleJDBC -->
    </test> <!-- Default test -->
  </suite> <!-- Default suite -->
</testng-results>
